<?xml version="1.0" encoding="utf-8"?><testsuites name="pytest tests"><testsuite name="pytest" errors="0" failures="0" skipped="0" tests="7" time="0.071" timestamp="2026-07-26T11:20:29.374867+00:00" hostname="6c43e7cb491b"><testcase classname="tests.test_api" name="test_core_surfaces" time="0.034" /><testcase classname="tests.test_api" name="test_demo_payment_challenge_paid_call_and_replay" time="0.015" /><testcase classname="tests.test_api" name="test_invalid_input_does_not_execute_business" time="0.007" /><testcase classname="tests.test_pack" name="test_pack_excludes_unverified_claims" time="0.000" /><testcase classname="tests.test_redaction" name="test_redacts_credentials_and_bearer_tokens" time="0.000" /><testcase classname="tests.test_scoring" name="test_verified_evidence_increases_readiness" time="0.000" /><testcase classname="tests.test_scoring" name="test_claimed_capability_is_not_treated_as_verified" time="0.000" /></testsuite></testsuites>