<?xml version="1.0" encoding="utf-8"?><testsuites name="pytest tests"><testsuite name="pytest" errors="0" failures="0" skipped="0" tests="10" time="0.090" timestamp="2026-07-26T11:23:15.273627+00:00" hostname="6c43e7cb491b"><testcase classname="tests.test_api" name="test_core_surfaces" time="0.037" /><testcase classname="tests.test_api" name="test_demo_payment_challenge_paid_call_and_replay" time="0.018" /><testcase classname="tests.test_api" name="test_invalid_input_does_not_execute_business" time="0.008" /><testcase classname="tests.test_api" name="test_production_okx_mode_fails_closed_without_credentials" time="0.001" /><testcase classname="tests.test_pack" name="test_pack_excludes_unverified_claims" time="0.001" /><testcase classname="tests.test_pack" name="test_verified_evidence_requires_url_or_digest" time="0.000" /><testcase classname="tests.test_redaction" name="test_redacts_credentials_and_bearer_tokens" time="0.000" /><testcase classname="tests.test_scoring" name="test_verified_evidence_increases_readiness" time="0.000" /><testcase classname="tests.test_scoring" name="test_claimed_capability_is_not_treated_as_verified" time="0.000" /><testcase classname="tests.test_scoring" name="test_verified_label_without_linked_proof_gets_no_verified_credit" time="0.001" /></testsuite></testsuites>